------------------------------------------------------------
Time->2017/2/10 10:07:31
 发出请求城市列表请求 URL为http://localhost:3953/?accesskey=8A1F86548CDD406D880F631507650159&MAC=A2A8CDB8E5B7&requesttype=getcitylist 
 服务器相应数据为status:NULL
ak:
message:

------------------------------------------------------------
Time->2017/2/10 10:07:31
 请求城市列表但城市列表为空,无城市可刷新数据
------------------------------------------------------------
Time->2017/2/10 10:08:47
 发出请求城市列表请求 URL为http://localhost:3953/?accesskey=8A1F86548CDD406D880F631507650159&MAC=A2A8CDB8E5B7&requesttype=getcitylist 
 服务器相应数据为status:NULL
ak:
message:

------------------------------------------------------------
Time->2017/2/10 10:08:47
 请求城市列表但城市列表为空,无城市可刷新数据
------------------------------------------------------------
Time->2017/2/10 10:15:59
 发出请求城市列表请求 URL为http://localhost:3953/?accesskey=8A1F86548CDD406D880F631507650159&MAC=A2A8CDB8E5B7&requesttype=getcitylist 
 服务器相应数据为status:OK
ak:1de57093a86a4d9788dcee9f7440f682
message:开封,成都,拉萨,昆明,杭州,武汉,沈阳

------------------------------------------------------------
Time->2017/2/10 10:24:05
 发出请求城市列表请求 URL为http://localhost:3953/?accesskey=8A1F86548CDD406D880F631507650159&MAC=A2A8CDB8E5B7&requesttype=getcitylist 
 服务器相应数据为status:OK
ak:1de57093a86a4d9788dcee9f7440f682
message:乌鲁木齐,兰州,北京,南京,南宁,南昌,合肥,呼和浩特,哈尔滨,天津,太原,广州,开封,成都,拉萨,昆明,杭州,武汉

------------------------------------------------------------
Time->2017/2/10 10:38:20
 发出请求城市列表请求 URL为http://localhost:3953/?accesskey=8A1F86548CDD406D880F631507650159&MAC=A2A8CDB8E5B7&requesttype=getcitylist 
 服务器相应数据为status:OK
ak:1de57093a86a4d9788dcee9f7440f682
message:乌鲁木齐,兰州,北京,南京,南宁,南昌,合肥,呼和浩特,哈尔滨,天津,太原,广州,开封,成都,拉萨,昆明,杭州,武汉,沈阳,济南,海口,石家庄,福州,西宁

------------------------------------------------------------
Time->2017/2/10 10:41:31
 发出请求城市列表请求 URL为http://localhost:3953/?accesskey=8A1F86548CDD406D880F631507650159&MAC=A2A8CDB8E5B7&requesttype=getcitylist 
 服务器相应数据为status:OK
ak:1de57093a86a4d9788dcee9f7440f682
message:西安,贵阳,郑州,重庆,银川,长春,长沙

------------------------------------------------------------
Time->2017/2/10 10:45:44
 发出请求城市列表请求 URL为http://localhost:3953/?accesskey=8A1F86548CDD406D880F631507650159&MAC=A2A8CDB8E5B7&requesttype=getcitylist 
 服务器相应数据为status:OK
ak:1de57093a86a4d9788dcee9f7440f682
message:乌鲁木齐,兰州,北京,南京,南宁,南昌,合肥,呼和浩特,哈尔滨,天津,太原,广州,开封,成都,拉萨,昆明,杭州,武汉,沈阳,济南,海口,石家庄,福州,西宁,贵阳,郑州,重庆,银川,长春,长沙

------------------------------------------------------------
Time->2017/2/10 11:02:06
 发出请求城市列表请求 URL为http://localhost:3953/?accesskey=8A1F86548CDD406D880F631507650159&MAC=A2A8CDB8E5B7&requesttype=getcitylist 
 服务器相应数据为status:OK
ak:1de57093a86a4d9788dcee9f7440f682
message:乌鲁木齐,西安

------------------------------------------------------------
Time->2017/2/10 11:08:35
 发出请求城市列表请求 URL为http://localhost:3953/?accesskey=8A1F86548CDD406D880F631507650159&MAC=A2A8CDB8E5B7&requesttype=getcitylist 
 服务器相应数据为status:OK
ak:1de57093a86a4d9788dcee9f7440f682
message:西安

------------------------------------------------------------
Time->2017/2/10 11:11:15
 发出请求城市列表请求 URL为http://localhost:3953/?accesskey=8A1F86548CDD406D880F631507650159&MAC=A2A8CDB8E5B7&requesttype=getcitylist 
 服务器相应数据为status:NULL
ak:
message:

------------------------------------------------------------
Time->2017/2/10 11:11:15
 请求城市列表但城市列表为空,无城市可刷新数据
------------------------------------------------------------
Time->2017/2/10 11:21:40
 发出请求城市列表请求 URL为http://localhost:3953/?accesskey=8A1F86548CDD406D880F631507650159&MAC=A2A8CDB8E5B7&requesttype=getcitylist 
 服务器相应数据为status:NULL
ak:
message:

------------------------------------------------------------
Time->2017/2/10 11:21:40
 请求城市列表但城市列表为空,无城市可刷新数据
------------------------------------------------------------
Time->2017/2/10 11:35:40
 发出请求城市列表请求 URL为http://localhost:3953/?accesskey=8A1F86548CDD406D880F631507650159&MAC=A2A8CDB8E5B7&requesttype=getcitylist 
 服务器相应数据为status:OK
ak:1de57093a86a4d9788dcee9f7440f682
message:兰州,北京,南京,南宁,南昌,合肥,呼和浩特,哈尔滨,天津,太原,广州,开封,成都,拉萨,昆明,杭州,武汉,沈阳,济南,海口,石家庄,福州,西宁

------------------------------------------------------------
Time->2017/2/10 12:40:42
 发出请求城市列表请求 URL为http://localhost:3953/?accesskey=8A1F86548CDD406D880F631507650159&MAC=A2A8CDB8E5B7&requesttype=getcitylist 
 服务器相应数据为status:OK
ak:1de57093a86a4d9788dcee9f7440f682
message:北京,南京,南宁,南昌,合肥,呼和浩特,哈尔滨,天津,太原,广州,开封,成都,拉萨,昆明,杭州,武汉,沈阳,济南,海口,石家庄,福州,西宁,贵阳,郑州,重庆,银川,长春,长沙

------------------------------------------------------------
Time->2017/2/10 13:50:02
 请求城市列表但城市列表为空,无城市可刷新数据
------------------------------------------------------------
Time->2017/2/10 13:53:31
 请求城市列表但城市列表为空,无城市可刷新数据
------------------------------------------------------------
Time->2017/2/10 14:03:55
 发出请求城市列表请求 URL为http://localhost:3953/?accesskey=8A1F86548CDD406D880F631507650159&MAC=A2A8CDB8E5B7&requesttype=getcitylist 
 服务器相应数据为status:OK
ak:1de57093a86a4d9788dcee9f7440f682
message:乌鲁木齐,兰州,北京,南京,南宁,南昌

------------------------------------------------------------
Time->2017/2/10 14:04:39
 服务器响应更新城市数据的字符信息 status:OK
ak:
message:成功接收到城市数据 且成功插入到数据库的城市数据有:
乌鲁木齐,兰州,北京,南京,南宁,南昌

