------------------------------------------------------------
Time->2017/2/9 20:47:09
 发出请求城市列表请求 URL为http://localhost:3953/?accesskey=8A1F86548CDD406D880F631507650159&MAC=8A1F86548CDD406D880F631507650159&requesttype=00000000000000E0 
 服务器相应数据为status:error
message:requesttype is illegal
------------------------------------------------------------
Time->2017/2/9 20:53:18
 发出请求城市列表请求 URL为http://localhost:3953/?accesskey=8A1F86548CDD406D880F631507650159&MAC=A2A8CDB8E5B7&requesttype=getcitylist 
 服务器相应数据为status:NULL
ak:
message:

------------------------------------------------------------
Time->2017/2/9 21:00:08
 发出请求城市列表请求 URL为http://localhost:3953/?accesskey=8A1F86548CDD406D880F631507650159&MAC=A2A8CDB8E5B7&requesttype=getcitylist 
 服务器相应数据为status:OK
ak:1de57093a86a4d9788dcee9f7440f682
message:乌鲁木齐,兰州,北京,南京,南宁,南昌,合肥,呼和浩特,哈尔滨,天津,太原,广州,开封,成都,拉萨,昆明,杭州,武汉,沈阳,济南,海口,石家庄,福州,西宁,西安,贵阳,郑州,重庆,银川,长春,长沙

------------------------------------------------------------
Time->2017/2/9 21:07:06
 发出请求城市列表请求 URL为http://localhost:3953/?accesskey=8A1F86548CDD406D880F631507650159&MAC=A2A8CDB8E5B7&requesttype=getcitylist 
 服务器相应数据为status:NULL
ak:
message:

------------------------------------------------------------
Time->2017/2/9 21:07:06
 请求城市列表但城市列表为空,无城市可刷新数据
------------------------------------------------------------
Time->2017/2/9 21:08:51
 发出请求城市列表请求 URL为http://localhost:3953/?accesskey=8A1F86548CDD406D880F631507650159&MAC=A2A8CDB8E5B7&requesttype=getcitylist 
 服务器相应数据为status:OK
ak:1de57093a86a4d9788dcee9f7440f682
message:乌鲁木齐,兰州,北京,南京,南宁,南昌

------------------------------------------------------------
Time->2017/2/9 21:18:12
 发出请求城市列表请求 URL为http://localhost:3953/?accesskey=8A1F86548CDD406D880F631507650159&MAC=A2A8CDB8E5B7&requesttype=getcitylist 
 服务器相应数据为status:OK
ak:1de57093a86a4d9788dcee9f7440f682
message:乌鲁木齐,兰州,北京,南京,南宁,南昌,合肥,呼和浩特,哈尔滨,天津,太原,广州

------------------------------------------------------------
Time->2017/2/9 21:26:47
 发出请求城市列表请求 URL为http://localhost:3953/?accesskey=8A1F86548CDD406D880F631507650159&MAC=A2A8CDB8E5B7&requesttype=getcitylist 
 服务器相应数据为status:OK
ak:1de57093a86a4d9788dcee9f7440f682
message:乌鲁木齐,兰州,北京,南京,南宁,南昌,合肥,呼和浩特,哈尔滨,天津,太原,广州,开封,成都,拉萨,昆明,杭州,武汉

------------------------------------------------------------
Time->2017/2/9 21:37:29
 发出请求城市列表请求 URL为http://localhost:3953/?accesskey=8A1F86548CDD406D880F631507650159&MAC=A2A8CDB8E5B7&requesttype=getcitylist 
 服务器相应数据为status:OK
ak:1de57093a86a4d9788dcee9f7440f682
message:乌鲁木齐,兰州,北京,南京,南宁,南昌,合肥,呼和浩特,哈尔滨,天津,太原,广州,开封,成都,拉萨,昆明,杭州,武汉,沈阳,济南,海口,石家庄,福州,西宁

------------------------------------------------------------
Time->2017/2/9 21:53:23
 发出请求城市列表请求 URL为http://localhost:3953/?accesskey=8A1F86548CDD406D880F631507650159&MAC=A2A8CDB8E5B7&requesttype=getcitylist 
 服务器相应数据为status:OK
ak:1de57093a86a4d9788dcee9f7440f682
message:乌鲁木齐,兰州,北京,南京,南宁,南昌,合肥,呼和浩特,哈尔滨,天津,太原,广州,开封,成都,拉萨,昆明,杭州,武汉,沈阳,济南,海口,石家庄,福州,西宁,西安,贵阳,郑州,重庆,银川,长春,长沙

------------------------------------------------------------
Time->2017/2/9 22:02:41
 发出请求城市列表请求 URL为http://localhost:3953/?accesskey=8A1F86548CDD406D880F631507650159&MAC=A2A8CDB8E5B7&requesttype=getcitylist 
 服务器相应数据为status:OK
ak:1de57093a86a4d9788dcee9f7440f682
message:乌鲁木齐,兰州,北京,南京,南宁,南昌

------------------------------------------------------------
Time->2017/2/9 22:08:37
 发出请求城市列表请求 URL为http://localhost:3953/?accesskey=8A1F86548CDD406D880F631507650159&MAC=A2A8CDB8E5B7&requesttype=getcitylist 
 服务器相应数据为status:OK
ak:1de57093a86a4d9788dcee9f7440f682
message:乌鲁木齐,兰州,北京,南京,南宁,南昌

------------------------------------------------------------
Time->2017/2/9 22:12:47
 发出请求城市列表请求 URL为http://localhost:3953/?accesskey=8A1F86548CDD406D880F631507650159&MAC=A2A8CDB8E5B7&requesttype=getcitylist 
 服务器相应数据为status:OK
ak:1de57093a86a4d9788dcee9f7440f682
message:乌鲁木齐,兰州,北京,南京,南宁,南昌,合肥,呼和浩特,哈尔滨,天津,太原,广州

------------------------------------------------------------
Time->2017/2/9 22:22:10
 发出请求城市列表请求 URL为http://localhost:3953/?accesskey=8A1F86548CDD406D880F631507650159&MAC=A2A8CDB8E5B7&requesttype=getcitylist 
 服务器相应数据为status:OK
ak:1de57093a86a4d9788dcee9f7440f682
message:乌鲁木齐,兰州,北京,南京,南宁,南昌,合肥,呼和浩特,哈尔滨,天津,太原,广州,开封,成都,拉萨,昆明,杭州,武汉

------------------------------------------------------------
Time->2017/2/9 22:28:04
 发出请求城市列表请求 URL为http://localhost:3953/?accesskey=8A1F86548CDD406D880F631507650159&MAC=A2A8CDB8E5B7&requesttype=getcitylist 
 服务器相应数据为status:OK
ak:1de57093a86a4d9788dcee9f7440f682
message:乌鲁木齐,兰州,北京,南京,南宁,南昌,合肥,呼和浩特,哈尔滨,天津,太原,广州,开封,成都,拉萨,昆明,杭州,武汉

------------------------------------------------------------
Time->2017/2/9 22:31:10
 发出请求城市列表请求 URL为http://localhost:3953/?accesskey=8A1F86548CDD406D880F631507650159&MAC=A2A8CDB8E5B7&requesttype=getcitylist 
 服务器相应数据为status:OK
ak:1de57093a86a4d9788dcee9f7440f682
message:乌鲁木齐,兰州,北京,南京,南宁,南昌,合肥,呼和浩特,哈尔滨,天津,太原,广州,开封,成都,拉萨,昆明,杭州,武汉,沈阳,济南,海口,石家庄,福州,西宁

------------------------------------------------------------
Time->2017/2/9 22:35:03
 发出请求城市列表请求 URL为http://localhost:3953/?accesskey=8A1F86548CDD406D880F631507650159&MAC=A2A8CDB8E5B7&requesttype=getcitylist 
 服务器相应数据为status:OK
ak:1de57093a86a4d9788dcee9f7440f682
message:乌鲁木齐,兰州,北京,南京,南宁,南昌,合肥,呼和浩特,哈尔滨,天津,太原,广州,开封,成都,拉萨,昆明,杭州,武汉,沈阳,济南,海口,石家庄,福州,西宁

------------------------------------------------------------
Time->2017/2/9 22:40:06
 发出请求城市列表请求 URL为http://localhost:3953/?accesskey=8A1F86548CDD406D880F631507650159&MAC=A2A8CDB8E5B7&requesttype=getcitylist 
 服务器相应数据为status:OK
ak:1de57093a86a4d9788dcee9f7440f682
message:乌鲁木齐,兰州,北京,南京,南宁,南昌,合肥,呼和浩特,哈尔滨,天津,太原,广州,开封,成都,拉萨,昆明,杭州,武汉,沈阳,济南,海口,石家庄,福州,西宁,西安,贵阳,郑州,重庆,银川,长春,长沙

------------------------------------------------------------
Time->2017/2/9 22:42:37
 发出请求城市列表请求 URL为http://localhost:3953/?accesskey=8A1F86548CDD406D880F631507650159&MAC=A2A8CDB8E5B7&requesttype=getcitylist 
 服务器相应数据为status:NULL
ak:
message:

------------------------------------------------------------
Time->2017/2/9 22:42:37
 请求城市列表但城市列表为空,无城市可刷新数据
------------------------------------------------------------
Time->2017/2/9 22:43:48
 发出请求城市列表请求 URL为http://localhost:3953/?accesskey=8A1F86548CDD406D880F631507650159&MAC=A2A8CDB8E5B7&requesttype=getcitylist 
 服务器相应数据为status:NULL
ak:
message:

------------------------------------------------------------
Time->2017/2/9 22:43:48
 请求城市列表但城市列表为空,无城市可刷新数据
------------------------------------------------------------
Time->2017/2/9 22:46:28
 发出请求城市列表请求 URL为http://localhost:3953/?accesskey=8A1F86548CDD406D880F631507650159&MAC=A2A8CDB8E5B7&requesttype=getcitylist 
 服务器相应数据为status:OK
ak:1de57093a86a4d9788dcee9f7440f682
message:乌鲁木齐,兰州,北京,南京,南宁,南昌,合肥,呼和浩特,哈尔滨,天津,太原,广州,开封,成都,拉萨,昆明,杭州,武汉,沈阳,济南,海口,石家庄,福州,西宁,西安,贵阳,郑州,重庆,银川,长春,长沙

